<?xml version="1.0" encoding="UTF-8"?>
<!-- Generated by org.testng.reporters.JUnitXMLReporter -->
<testsuite hostname="Brahmanandas-MacBook-Pro.local" name="NewTest" tests="5" failures="0" timestamp="16 Mar 2017 17:43:45 GMT" time="22.634" errors="0">
  <testcase name="test1" time="0.149" classname="test.Test.GoogleTest"/>
  <testcase name="test1" time="0.061" classname="test.Test.GoogleTest"/>
  <testcase name="test1" time="0.054" classname="test.Test.GoogleTest"/>
  <testcase name="test1" time="0.06" classname="test.Test.GoogleTest"/>
  <testcase name="test2" time="0.0" classname="test.Test.GoogleTest">
    <skipped/>
  </testcase> <!-- test2 -->
</testsuite> <!-- NewTest -->
